2025-05-30 22:44:50,110 [INFO] Starting XreviaTech public server...
2025-05-30 22:44:50,115 [ERROR] Failed to start HTTP server: [Errno 48] Address already in use
2025-05-30 22:44:50,115 [ERROR] Server startup failed. Exiting.
2025-05-30 22:45:07,510 [INFO] Starting XreviaTech public server...
2025-05-30 22:45:07,512 [INFO] HTTP server started on http://localhost:8000
2025-05-30 22:45:07,513 [INFO] Opening tunnel named: http-8000-3fb4eb1a-de1d-49a0-bdc6-0676be9d80a2
2025-05-30 22:45:10,736 [INFO] Starting ngrok in region: us
2025-05-30 22:45:11,396 [INFO] t=2025-05-30T22:45:11+0300 lvl=info msg="command usage" msg="Flag --region has been deprecated, ngrok automatically chooses the region with lowest latency"
2025-05-30 22:45:11,397 [INFO] t=2025-05-30T22:45:11+0300 lvl=info msg="no configuration paths supplied"
2025-05-30 22:45:11,397 [INFO] t=2025-05-30T22:45:11+0300 lvl=info msg="using configuration at default config path" path="/Users/faresfadly/Library/Application Support/ngrok/ngrok.yml"
2025-05-30 22:45:11,397 [INFO] t=2025-05-30T22:45:11+0300 lvl=info msg="open config file" path="/Users/faresfadly/Library/Application Support/ngrok/ngrok.yml" err=nil
2025-05-30 22:45:11,399 [INFO] t=2025-05-30T22:45:11+0300 lvl=info msg="starting web service" obj=web addr=127.0.0.1:4040 allow_hosts=[]
2025-05-30 22:45:12,122 [ERROR] t=2025-05-30T22:45:12+0300 lvl=eror msg="failed to reconnect session" obj=tunnels.session err="authentication failed: Usage of ngrok requires a verified account and authtoken.\n\nSign up for an account: https://dashboard.ngrok.com/signup\nInstall your authtoken: https://dashboard.ngrok.com/get-started/your-authtoken\r\n\r\nERR_NGROK_4018\r\n"
2025-05-30 22:45:12,123 [ERROR] t=2025-05-30T22:45:12+0300 lvl=eror msg="session closing" obj=tunnels.session err="authentication failed: Usage of ngrok requires a verified account and authtoken.\n\nSign up for an account: https://dashboard.ngrok.com/signup\nInstall your authtoken: https://dashboard.ngrok.com/get-started/your-authtoken\r\n\r\nERR_NGROK_4018\r\n"
2025-05-30 22:45:12,123 [INFO] t=2025-05-30T22:45:12+0300 lvl=info msg="received stop request" obj=app stopReq="{err:{Remote:true Inner:{Inner:0x14000186760}} restart:false}"
2025-05-30 22:45:12,123 [ERROR] t=2025-05-30T22:45:12+0300 lvl=eror msg="terminating with error" obj=app err="authentication failed: Usage of ngrok requires a verified account and authtoken.\n\nSign up for an account: https://dashboard.ngrok.com/signup\nInstall your authtoken: https://dashboard.ngrok.com/get-started/your-authtoken\r\n\r\nERR_NGROK_4018\r\n"
2025-05-30 22:45:12,123 [ERROR] Failed to start ngrok tunnel: The ngrok process errored on start: authentication failed: Usage of ngrok requires a verified account and authtoken.\n\nSign up for an account: https://dashboard.ngrok.com/signup\nInstall your authtoken: https://dashboard.ngrok.com/get-started/your-authtoken\r\n\r\nERR_NGROK_4018\r\n.
2025-05-30 22:45:12,123 [ERROR] Ngrok tunnel creation failed. Exiting.
2025-05-30 22:45:12,123 [INFO] Shutting down server...
2025-05-30 22:45:12,523 [INFO] HTTP server stopped
2025-05-30 22:45:12,523 [INFO] Server shutdown complete
